/home/victorialena/anaconda3/envs/rgnn/lib/python3.8/site-packages/torch_geometric/typing.py:47: UserWarning: An issue occurred while importing 'pyg-lib'. Disabling its usage. Stacktrace: /home/victorialena/anaconda3/envs/rgnn/lib/python3.8/site-packages/libpyg.so: undefined symbol: _ZNK3c106SymInt13toSymNodeImplEv
  warnings.warn(f"An issue occurred while importing 'pyg-lib'. "
Namespace(batch_size=1, cuda=True, hidden_dim=[128, 128], label_ids=[0, 1, 2], learning_rate=0.0005, model='grnn', naive=False, no_cuda=False, normalize=True, num_epoch=20, seed=42)
Dataset size: 713
normalizing data...

  0%|          | 0/20 [00:00<?, ?Epoch/s]
  5%|▌         | 1/20 [00:01<00:31,  1.65s/Epoch]
 10%|█         | 2/20 [00:03<00:28,  1.58s/Epoch]
 15%|█▌        | 3/20 [00:04<00:26,  1.55s/Epoch]
 20%|██        | 4/20 [00:06<00:24,  1.53s/Epoch]
 25%|██▌       | 5/20 [00:07<00:22,  1.52s/Epoch]
 30%|███       | 6/20 [00:09<00:21,  1.52s/Epoch]
 35%|███▌      | 7/20 [00:10<00:19,  1.53s/Epoch]
 40%|████      | 8/20 [00:12<00:18,  1.54s/Epoch]
 45%|████▌     | 9/20 [00:13<00:16,  1.54s/Epoch]
 50%|█████     | 10/20 [00:15<00:15,  1.55s/Epoch]
 55%|█████▌    | 11/20 [00:16<00:13,  1.55s/Epoch]
 60%|██████    | 12/20 [00:18<00:12,  1.54s/Epoch]
 65%|██████▌   | 13/20 [00:20<00:10,  1.54s/Epoch]
 70%|███████   | 14/20 [00:21<00:09,  1.55s/Epoch]
 75%|███████▌  | 15/20 [00:23<00:07,  1.54s/Epoch]
 80%|████████  | 16/20 [00:24<00:06,  1.52s/Epoch]
 85%|████████▌ | 17/20 [00:26<00:04,  1.53s/Epoch]
 90%|█████████ | 18/20 [00:27<00:03,  1.50s/Epoch]
 95%|█████████▌| 19/20 [00:29<00:01,  1.50s/Epoch]
100%|██████████| 20/20 [00:30<00:00,  1.51s/Epoch]
100%|██████████| 20/20 [00:30<00:00,  1.53s/Epoch]
MSELoss: 0.004012135784116997
MSELoss: 0.003381585016144271
MSELoss: 0.0032545183567674026
MSELoss: 0.002552870861012098
MSELoss: 0.002506607771591133
MSELoss: 0.0024752241852514715
MSELoss: 0.0024518125556646196
MSELoss: 0.0023841125321799666
MSELoss: 0.0023376704226209387
MSELoss: 0.002318244821326562
MSELoss: 0.0022602166168377213
MSELoss: 0.0022668768679673986
MSELoss: 0.002245601192886276
MSELoss: 0.002236218347578386
MSELoss: 0.0022153680385051514
MSELoss: 0.002216615848638326
MSELoss: 0.0021409037013126425
MSELoss: 0.002088248448432026
MSELoss: 0.002120962558226364
MSELoss: 0.0020695274071752937
unnormalizing data...
mae: 0.6457424163818359 | mse: 2.11313533782959 | rse: 1.4536631107330322 | ade: 1.3929669857025146 | fde: 2.584956645965576
,mae,mse,rse,ade,fde
grnn,0.6457424163818359,2.11313533782959,1.4536631107330322,1.3929669857025146,2.584956645965576
/home/victorialena/anaconda3/envs/rgnn/lib/python3.8/site-packages/torch_geometric/typing.py:47: UserWarning: An issue occurred while importing 'pyg-lib'. Disabling its usage. Stacktrace: /home/victorialena/anaconda3/envs/rgnn/lib/python3.8/site-packages/libpyg.so: undefined symbol: _ZNK3c106SymInt13toSymNodeImplEv
  warnings.warn(f"An issue occurred while importing 'pyg-lib'. "
Namespace(batch_size=1, cuda=True, hidden_dim=[128, 128], label_ids=[0, 1, 2], learning_rate=0.0005, model='rgnn', naive=False, no_cuda=False, normalize=True, num_epoch=20, seed=42)
Dataset size: 713
normalizing data...

  0%|          | 0/20 [00:00<?, ?Epoch/s]
  5%|▌         | 1/20 [01:02<19:42, 62.24s/Epoch]
 10%|█         | 2/20 [02:04<18:40, 62.24s/Epoch]
 15%|█▌        | 3/20 [03:06<17:33, 61.99s/Epoch]
 20%|██        | 4/20 [04:07<16:27, 61.70s/Epoch]
 25%|██▌       | 5/20 [05:09<15:25, 61.72s/Epoch]
 30%|███       | 6/20 [06:11<14:26, 61.87s/Epoch]
 35%|███▌      | 7/20 [07:12<13:22, 61.71s/Epoch]
 40%|████      | 8/20 [08:13<12:17, 61.46s/Epoch]
 45%|████▌     | 9/20 [09:15<11:17, 61.62s/Epoch]
 50%|█████     | 10/20 [10:14<10:08, 60.87s/Epoch]
 55%|█████▌    | 11/20 [11:14<09:04, 60.46s/Epoch]
 60%|██████    | 12/20 [12:14<08:03, 60.38s/Epoch]
 65%|██████▌   | 13/20 [13:16<07:05, 60.84s/Epoch]
 70%|███████   | 14/20 [14:18<06:06, 61.15s/Epoch]
 75%|███████▌  | 15/20 [15:19<05:05, 61.06s/Epoch]
 80%|████████  | 16/20 [16:19<04:03, 60.76s/Epoch]
 85%|████████▌ | 17/20 [17:18<03:01, 60.45s/Epoch]
 90%|█████████ | 18/20 [18:19<02:00, 60.39s/Epoch]
 95%|█████████▌| 19/20 [19:19<01:00, 60.38s/Epoch]
100%|██████████| 20/20 [20:19<00:00, 60.36s/Epoch]
100%|██████████| 20/20 [20:19<00:00, 60.99s/Epoch]
MSELoss: 0.0031589045382912698
MSELoss: 0.0026244950148348496
MSELoss: 0.0025777390875513302
MSELoss: 0.0025497375668959914
MSELoss: 0.0025428443270501242
MSELoss: 0.0025264722674873943
MSELoss: 0.0024469535888050845
MSELoss: 0.0023972289549606413
MSELoss: 0.002378259645164102
MSELoss: 0.002283700587594643
MSELoss: 0.0022343616510036167
MSELoss: 0.002179305000190202
MSELoss: 0.00213465722393329
MSELoss: 0.0021284739164904843
MSELoss: 0.002091370644952166
MSELoss: 0.002088494198126988
MSELoss: 0.0020721615562737613
MSELoss: 0.0020597281821578208
MSELoss: 0.00204855365521724
MSELoss: 0.0020455814507709864
unnormalizing data...
mae: 0.7654303908348083 | mse: 2.433640241622925 | rse: 1.5600131750106812 | ade: 1.7106187343597412 | fde: 3.0225107669830322
,mae,mse,rse,ade,fde
rgnn,0.7654303908348083,2.433640241622925,1.5600131750106812,1.7106187343597412,3.0225107669830322
